  lab_3.cpp
D:\study\Мивт101\crypto\exam\lab_3\lab_3.cpp(63,62): warning C4244: +=: преобразование "double" в "float", возможна потеря данных
C:\Program Files (x86)\Microsoft Visual Studio\2019\Community\VC\Tools\MSVC\14.29.30133\include\utility(193,54): warning C4244: инициализация: преобразование "_Ty" в "_Ty2", возможна потеря данных
          with
          [
              _Ty=double
          ]
          and
          [
              _Ty2=float
          ]
D:\study\Мивт101\crypto\exam\lab_3\lab_3.cpp(18): message : выполняется компиляция ссылки на экземпляр шаблон функции "std::pair<const char,float>::pair<char,double,0>(_Other1 &&,_Other2 &&) noexcept"
          with
          [
              _Other1=char,
              _Other2=double
          ]
D:\study\Мивт101\crypto\exam\lab_3\lab_3.cpp(10): message : выполняется компиляция ссылки на экземпляр шаблон функции "std::pair<const char,float>::pair<char,double,0>(_Other1 &&,_Other2 &&) noexcept"
          with
          [
              _Other1=char,
              _Other2=double
          ]
D:\study\Мивт101\crypto\exam\lab_3\lab_3.cpp(27): warning C4715: char_to_int: значение возвращается не при всех путях выполнения
  lab_3.vcxproj -> D:\study\Мивт101\crypto\exam\x64\Debug\lab_3.exe
